Arguments: 
  C:\Program Files\nodejs\node.exe C:\Program Files (x86)\Yarn\bin\yarn.js add express mongoose morgan

PATH: 
  C:\Program Files (x86)\Common Files\Oracle\Java\javapath;C:\ProgramData\DockerDesktop\version-bin;C:\Program Files\Docker\Docker\Resources\bin;C:\WINDOWS\system32;C:\WINDOWS;C:\WINDOWS\System32\Wbem;C:\WINDOWS\System32\WindowsPowerShell\v1.0\;C:\Program Files\Git\cmd;C:\Program Files\nodejs\;C:\WINDOWS\System32\OpenSSH\;C:\Program Files\MongoDB\Server\4.2\bin;C:\Program Files\Amazon\AWSCLIV2DevPreview\;C:\Program Files (x86)\Yarn\bin\;C:\Users\GilbertS\AppData\Local\Android\Sdk\platform-tools;C:\Program Files\dotnet\;C:\ProgramData\chocolatey\bin;C:\Users\GilbertS\AppData\Local\Programs\Python\Python38\Scripts\;C:\Users\GilbertS\AppData\Local\Programs\Python\Python38\;C:\Users\GilbertS\AppData\Local\Microsoft\WindowsApps;C:\Users\GilbertS\AppData\Roaming\npm;C:\Users\GilbertS\AppData\Local\Programs\Microsoft VS Code\bin;C:\Program Files\heroku\bin;C:\Users\GilbertS\AppData\Local\GitHubDesktop\bin;C:\Users\GilbertS\AppData\Local\Yarn\bin;C:\adb;C:\flutter\bin;C:\Program Files\JetBrains\PyCharm 2019.3.2\bin;C:\Users\GilbertS\.dotnet\tools

Yarn version: 
  1.21.1

Node version: 
  12.13.1

Platform: 
  win32 x64

Trace: 
  Error: connect ETIMEDOUT 104.16.21.35:443
      at TCPConnectWrap.afterConnect [as oncomplete] (net.js:1129:14)

npm manifest: 
  {
    "name": "bigmotherhen",
    "version": "1.0.0",
    "main": "index.js",
    "license": "MIT"
  }

yarn manifest: 
  No manifest

Lockfile: 
  No lockfile
